# JRE version: Java(TM) SE Runtime Environment (8.0_221-b11) (build 1.8.0_221-b11)
# Java VM: Java HotSpot(TM) 64-Bit Server VM (25.221-b11 mixed mode windows-amd64 compressed oops)
Heap:
 PSYoungGen      total 76288K, used 35157K [0x000000076b500000, 0x0000000775180000, 0x00000007c0000000)
  eden space 65536K, 46% used [0x000000076b500000,0x000000076d308f58,0x000000076f500000)
  from space 10752K, 40% used [0x000000076f500000,0x000000076f94c720,0x000000076ff80000)
  to   space 28672K, 0% used [0x0000000773580000,0x0000000773580000,0x0000000775180000)
 ParOldGen       total 153088K, used 47756K [0x00000006c1e00000, 0x00000006cb380000, 0x000000076b500000)
  object space 153088K, 31% used [0x00000006c1e00000,0x00000006c4ca31b0,0x00000006cb380000)
 Metaspace       used 25965K, capacity 26250K, committed 26496K, reserved 1073152K
  class space    used 3300K, capacity 3421K, committed 3456K, reserved 1048576K
GC Heap History (10 events):
Event: 12.635 GC heap before
{Heap before GC invocations=4 (full 0):
 PSYoungGen      total 76288K, used 76285K [0x000000076b500000, 0x0000000770a00000, 0x00000007c0000000)
  eden space 65536K, 100% used [0x000000076b500000,0x000000076f500000,0x000000076f500000)
  from space 10752K, 99% used [0x000000076f500000,0x000000076ff7f458,0x000000076ff80000)
  to   space 10752K, 0% used [0x000000076ff80000,0x000000076ff80000,0x0000000770a00000)
 ParOldGen       total 175104K, used 9582K [0x00000006c1e00000, 0x00000006cc900000, 0x000000076b500000)
  object space 175104K, 5% used [0x00000006c1e00000,0x00000006c275bb50,0x00000006cc900000)
 Metaspace       used 18727K, capacity 18974K, committed 19072K, reserved 1067008K
  class space    used 2286K, capacity 2387K, committed 2432K, reserved 1048576K
Event: 12.662 GC heap after
Heap after GC invocations=4 (full 0):
 PSYoungGen      total 76288K, used 10752K [0x000000076b500000, 0x0000000770a00000, 0x00000007c0000000)
  eden space 65536K, 0% used [0x000000076b500000,0x000000076b500000,0x000000076f500000)
  from space 10752K, 100% used [0x000000076ff80000,0x0000000770a00000,0x0000000770a00000)
  to   space 10752K, 0% used [0x000000076f500000,0x000000076f500000,0x000000076ff80000)
 ParOldGen       total 175104K, used 21986K [0x00000006c1e00000, 0x00000006cc900000, 0x000000076b500000)
  object space 175104K, 12% used [0x00000006c1e00000,0x00000006c3378a30,0x00000006cc900000)
 Metaspace       used 18727K, capacity 18974K, committed 19072K, reserved 1067008K
  class space    used 2286K, capacity 2387K, committed 2432K, reserved 1048576K
}
Event: 12.920 GC heap before
{Heap before GC invocations=5 (full 0):
 PSYoungGen      total 76288K, used 76288K [0x000000076b500000, 0x0000000770a00000, 0x00000007c0000000)
  eden space 65536K, 100% used [0x000000076b500000,0x000000076f500000,0x000000076f500000)
  from space 10752K, 100% used [0x000000076ff80000,0x0000000770a00000,0x0000000770a00000)
  to   space 10752K, 0% used [0x000000076f500000,0x000000076f500000,0x000000076ff80000)
 ParOldGen       total 175104K, used 21986K [0x00000006c1e00000, 0x00000006cc900000, 0x000000076b500000)
  object space 175104K, 12% used [0x00000006c1e00000,0x00000006c3378a30,0x00000006cc900000)
 Metaspace       used 19833K, capacity 20142K, committed 20352K, reserved 1067008K
  class space    used 2492K, capacity 2619K, committed 2688K, reserved 1048576K
Event: 12.953 GC heap after
Heap after GC invocations=5 (full 0):
 PSYoungGen      total 76288K, used 10736K [0x000000076b500000, 0x0000000770a00000, 0x00000007c0000000)
  eden space 65536K, 0% used [0x000000076b500000,0x000000076b500000,0x000000076f500000)
  from space 10752K, 99% used [0x000000076f500000,0x000000076ff7c030,0x000000076ff80000)
  to   space 10752K, 0% used [0x000000076ff80000,0x000000076ff80000,0x0000000770a00000)
 ParOldGen       total 175104K, used 32703K [0x00000006c1e00000, 0x00000006cc900000, 0x000000076b500000)
  object space 175104K, 18% used [0x00000006c1e00000,0x00000006c3deff78,0x00000006cc900000)
 Metaspace       used 19833K, capacity 20142K, committed 20352K, reserved 1067008K
  class space    used 2492K, capacity 2619K, committed 2688K, reserved 1048576K
}
Event: 13.191 GC heap before
{Heap before GC invocations=6 (full 0):
 PSYoungGen      total 76288K, used 59196K [0x000000076b500000, 0x0000000770a00000, 0x00000007c0000000)
  eden space 65536K, 73% used [0x000000076b500000,0x000000076e4530a0,0x000000076f500000)
  from space 10752K, 99% used [0x000000076f500000,0x000000076ff7c030,0x000000076ff80000)
  to   space 10752K, 0% used [0x000000076ff80000,0x000000076ff80000,0x0000000770a00000)
 ParOldGen       total 175104K, used 32703K [0x00000006c1e00000, 0x00000006cc900000, 0x000000076b500000)
  object space 175104K, 18% used [0x00000006c1e00000,0x00000006c3deff78,0x00000006cc900000)
 Metaspace       used 20863K, capacity 21114K, committed 21248K, reserved 1067008K
  class space    used 2649K, capacity 2749K, committed 2816K, reserved 1048576K
Event: 13.211 GC heap after
Heap after GC invocations=6 (full 0):
 PSYoungGen      total 76288K, used 10736K [0x000000076b500000, 0x0000000770a00000, 0x00000007c0000000)
  eden space 65536K, 0% used [0x000000076b500000,0x000000076b500000,0x000000076f500000)
  from space 10752K, 99% used [0x000000076ff80000,0x00000007709fc010,0x0000000770a00000)
  to   space 10752K, 0% used [0x000000076f500000,0x000000076f500000,0x000000076ff80000)
 ParOldGen       total 175104K, used 38550K [0x00000006c1e00000, 0x00000006cc900000, 0x000000076b500000)
  object space 175104K, 22% used [0x00000006c1e00000,0x00000006c43a5a68,0x00000006cc900000)
 Metaspace       used 20863K, capacity 21114K, committed 21248K, reserved 1067008K
  class space    used 2649K, capacity 2749K, committed 2816K, reserved 1048576K
}
Event: 13.211 GC heap before
{Heap before GC invocations=7 (full 1):
 PSYoungGen      total 76288K, used 10736K [0x000000076b500000, 0x0000000770a00000, 0x00000007c0000000)
  eden space 65536K, 0% used [0x000000076b500000,0x000000076b500000,0x000000076f500000)
  from space 10752K, 99% used [0x000000076ff80000,0x00000007709fc010,0x0000000770a00000)
  to   space 10752K, 0% used [0x000000076f500000,0x000000076f500000,0x000000076ff80000)
 ParOldGen       total 175104K, used 38550K [0x00000006c1e00000, 0x00000006cc900000, 0x000000076b500000)
  object space 175104K, 22% used [0x00000006c1e00000,0x00000006c43a5a68,0x00000006cc900000)
 Metaspace       used 20863K, capacity 21114K, committed 21248K, reserved 1067008K
  class space    used 2649K, capacity 2749K, committed 2816K, reserved 1048576K
Event: 13.632 GC heap after
Heap after GC invocations=7 (full 1):
 PSYoungGen      total 76288K, used 0K [0x000000076b500000, 0x0000000770a00000, 0x00000007c0000000)
  eden space 65536K, 0% used [0x000000076b500000,0x000000076b500000,0x000000076f500000)
  from space 10752K, 0% used [0x000000076ff80000,0x000000076ff80000,0x0000000770a00000)
  to   space 10752K, 0% used [0x000000076f500000,0x000000076f500000,0x000000076ff80000)
 ParOldGen       total 153088K, used 47756K [0x00000006c1e00000, 0x00000006cb380000, 0x000000076b500000)
  object space 153088K, 31% used [0x00000006c1e00000,0x00000006c4ca31b0,0x00000006cb380000)
 Metaspace       used 20863K, capacity 21114K, committed 21248K, reserved 1067008K
  class space    used 2649K, capacity 2749K, committed 2816K, reserved 1048576K
}
Event: 23.209 GC heap before
{Heap before GC invocations=8 (full 1):
 PSYoungGen      total 76288K, used 65536K [0x000000076b500000, 0x0000000770a00000, 0x00000007c0000000)
  eden space 65536K, 100% used [0x000000076b500000,0x000000076f500000,0x000000076f500000)
  from space 10752K, 0% used [0x000000076ff80000,0x000000076ff80000,0x0000000770a00000)
  to   space 10752K, 0% used [0x000000076f500000,0x000000076f500000,0x000000076ff80000)
 ParOldGen       total 153088K, used 47756K [0x00000006c1e00000, 0x00000006cb380000, 0x000000076b500000)
  object space 153088K, 31% used [0x00000006c1e00000,0x00000006c4ca31b0,0x00000006cb380000)
 Metaspace       used 24592K, capacity 24856K, committed 25088K, reserved 1071104K
  class space    used 3130K, capacity 3270K, committed 3328K, reserved 1048576K
Event: 23.214 GC heap after
Heap after GC invocations=8 (full 1):
 PSYoungGen      total 76288K, used 4401K [0x000000076b500000, 0x0000000775180000, 0x00000007c0000000)
  eden space 65536K, 0% used [0x000000076b500000,0x000000076b500000,0x000000076f500000)
  from space 10752K, 40% used [0x000000076f500000,0x000000076f94c720,0x000000076ff80000)
  to   space 28672K, 0% used [0x0000000773580000,0x0000000773580000,0x0000000775180000)
 ParOldGen       total 153088K, used 47756K [0x00000006c1e00000, 0x00000006cb380000, 0x000000076b500000)
  object space 153088K, 31% used [0x00000006c1e00000,0x00000006c4ca31b0,0x00000006cb380000)
 Metaspace       used 24592K, capacity 24856K, committed 25088K, reserved 1071104K
  class space    used 3130K, capacity 3270K, committed 3328K, reserved 1048576K
}

